[2025-12-22 18:08:26] Server     INFO  Apache Jena Fuseki 4.6.1
[2025-12-22 18:08:26] Server     INFO  Configuration file: ../.fuseki.ttl
[2025-12-22 18:08:26] Server     INFO  Path = /MEG_Vocabularies
[2025-12-22 18:08:26] Server     INFO  System
[2025-12-22 18:08:26] Server     INFO    Memory: 1.9 GiB
[2025-12-22 18:08:26] Server     INFO    Java:   21.0.7
[2025-12-22 18:08:26] Server     INFO    OS:     Windows 11 10.0 amd64
[2025-12-22 18:08:26] Server     INFO    PID:    29812
[2025-12-22 18:08:26] Server     INFO  Start Fuseki (http=3030)
[2025-12-22 18:08:41] Fuseki     INFO  [1] GET http://localhost:3030/MEG_Vocabularies/sparql?query=select%20?g%20%7B%20graph%20?g%20%7B%20?o%20a%20%3Chttp://www.w3.org/2002/07/owl%23Ontology%3E%20%7D%20%7D
[2025-12-22 18:08:41] Fuseki     INFO  [1] Query = select ?g { graph ?g { ?o a <http://www.w3.org/2002/07/owl#Ontology> } }
[2025-12-22 18:08:41] Fuseki     INFO  [1] 200 OK (62 ms)
[2025-12-22 18:08:42] Fuseki     INFO  [2] PUT http://localhost:3030/MEG_Vocabularies?graph=http://example.com/project/vocabulary/bundle
[2025-12-22 18:08:42] Fuseki     INFO  [3] PUT http://localhost:3030/MEG_Vocabularies?graph=http://example.com/project/description/bundle/classes
[2025-12-22 18:08:42] Fuseki     INFO  [4] PUT http://localhost:3030/MEG_Vocabularies?graph=http://uaontologies.com/UA_Core/UA_Event
[2025-12-22 18:08:42] Fuseki     INFO  [7] PUT http://localhost:3030/MEG_Vocabularies?graph=http://purl.org/dc/elements/1.1
[2025-12-22 18:08:42] Fuseki     INFO  [5] PUT http://localhost:3030/MEG_Vocabularies?graph=http://uaontologies.com/UA_Core/UA_Provenance
[2025-12-22 18:08:42] Fuseki     INFO  [6] PUT http://localhost:3030/MEG_Vocabularies?graph=http://example.com/project/description/bundle/individuals
[2025-12-22 18:08:42] Fuseki     INFO  [8] PUT http://localhost:3030/MEG_Vocabularies?graph=http://uaontologies.com/UA_Core/UA_Ownership
[2025-12-22 18:08:42] Fuseki     INFO  [9] PUT http://localhost:3030/MEG_Vocabularies?graph=http://uaontologies.com/UA_Core/UA_Measurement
[2025-12-22 18:08:42] Fuseki     INFO  [10] PUT http://localhost:3030/MEG_Vocabularies?graph=http://example.com/project/description/MEG_Description_Mission
[2025-12-22 18:08:42] Fuseki     INFO  [11] PUT http://localhost:3030/MEG_Vocabularies?graph=http://uaontologies.com/UA_Domain/UA_Requirements
[2025-12-22 18:08:42] Fuseki     INFO  [12] PUT http://localhost:3030/MEG_Vocabularies?graph=http://uaontologies.com/UA_Foundation/UA_Foundation
[2025-12-22 18:08:42] Fuseki     INFO  [13] PUT http://localhost:3030/MEG_Vocabularies?graph=http://example.com/project/description/bundle
[2025-12-22 18:08:42] Fuseki     INFO  [14] PUT http://localhost:3030/MEG_Vocabularies?graph=http://uaontologies.com/UA_Core/UA_Location
[2025-12-22 18:08:42] Fuseki     INFO  [15] PUT http://localhost:3030/MEG_Vocabularies?graph=http://uaontologies.com/UA_Core/UA_Information
[2025-12-22 18:08:42] Fuseki     INFO  [16] PUT http://localhost:3030/MEG_Vocabularies?graph=http://uaontologies.com/UA_Core/bundle
[2025-12-22 18:08:42] Fuseki     INFO  [17] PUT http://localhost:3030/MEG_Vocabularies?graph=http://example.com/project/description/bundle/properties
[2025-12-22 18:08:42] Fuseki     INFO  [18] PUT http://localhost:3030/MEG_Vocabularies?graph=http://example.com/project/vocabulary/MEG_Mission
[2025-12-22 18:08:42] Fuseki     INFO  [2] Body: Content-Length=49793, Content-Type=application/rdf+xml, Charset=null => RDF/XML : Count=325 Triples=325 Quads=0
[2025-12-22 18:08:42] Fuseki     INFO  [2] 201 Created (234 ms)
[2025-12-22 18:08:42] Fuseki     INFO  [3] Body: Content-Length=76535, Content-Type=text/turtle, Charset=null => Turtle : Count=942 Triples=942 Quads=0
[2025-12-22 18:08:42] Fuseki     INFO  [3] 201 Created (313 ms)
[2025-12-22 18:08:42] Fuseki     INFO  [19] PUT http://localhost:3030/MEG_Vocabularies?graph=http://uaontologies.com/UA_Core/UA_Agent
[2025-12-22 18:08:42] Fuseki     INFO  [20] PUT http://localhost:3030/MEG_Vocabularies?graph=http://uaontologies.com/UA_Domain/UA_SystemArchitecture
[2025-12-22 18:08:42] Fuseki     INFO  [7] Body: Content-Length=4083, Content-Type=application/rdf+xml, Charset=null => RDF/XML : Count=27 Triples=27 Quads=0
[2025-12-22 18:08:42] Fuseki     INFO  [7] 201 Created (324 ms)
[2025-12-22 18:08:42] Fuseki     INFO  [4] Body: Content-Length=29299, Content-Type=application/rdf+xml, Charset=null => RDF/XML : Count=273 Triples=273 Quads=0
[2025-12-22 18:08:42] Fuseki     INFO  [4] 201 Created (365 ms)
[2025-12-22 18:08:42] Fuseki     INFO  [21] PUT http://localhost:3030/MEG_Vocabularies?graph=http://uaontologies.com/UA_Foundation/bundle
[2025-12-22 18:08:42] Fuseki     INFO  [5] Body: Content-Length=18934, Content-Type=application/rdf+xml, Charset=null => RDF/XML : Count=166 Triples=166 Quads=0
[2025-12-22 18:08:42] Fuseki     INFO  [5] 201 Created (396 ms)
[2025-12-22 18:08:42] Fuseki     INFO  [6] Body: Content-Length=230110, Content-Type=text/turtle, Charset=null => Turtle : Count=2565 Triples=2565 Quads=0
[2025-12-22 18:08:42] Fuseki     INFO  [6] 201 Created (487 ms)
[2025-12-22 18:08:42] Fuseki     INFO  [8] Body: Content-Length=7924, Content-Type=application/rdf+xml, Charset=null => RDF/XML : Count=66 Triples=66 Quads=0
[2025-12-22 18:08:42] Fuseki     INFO  [8] 201 Created (504 ms)
[2025-12-22 18:08:42] Fuseki     INFO  [9] Body: Content-Length=32232, Content-Type=application/rdf+xml, Charset=null => RDF/XML : Count=303 Triples=303 Quads=0
[2025-12-22 18:08:42] Fuseki     INFO  [9] 201 Created (538 ms)
[2025-12-22 18:08:42] Fuseki     INFO  [10] Body: Content-Length=93446, Content-Type=application/rdf+xml, Charset=null => RDF/XML : Count=645 Triples=645 Quads=0
[2025-12-22 18:08:42] Fuseki     INFO  [10] 201 Created (594 ms)
[2025-12-22 18:08:42] Fuseki     INFO  [11] Body: Content-Length=49344, Content-Type=application/rdf+xml, Charset=null => RDF/XML : Count=459 Triples=459 Quads=0
[2025-12-22 18:08:42] Fuseki     INFO  [11] 201 Created (632 ms)
[2025-12-22 18:08:42] Fuseki     INFO  [12] Body: Content-Length=45327, Content-Type=application/rdf+xml, Charset=null => RDF/XML : Count=418 Triples=418 Quads=0
[2025-12-22 18:08:42] Fuseki     INFO  [12] 201 Created (660 ms)
[2025-12-22 18:08:42] Fuseki     INFO  [13] Body: Content-Length=1184, Content-Type=application/rdf+xml, Charset=null => RDF/XML : Count=6 Triples=6 Quads=0
[2025-12-22 18:08:42] Fuseki     INFO  [13] 201 Created (663 ms)
[2025-12-22 18:08:42] Fuseki     INFO  [14] Body: Content-Length=7943, Content-Type=application/rdf+xml, Charset=null => RDF/XML : Count=65 Triples=65 Quads=0
[2025-12-22 18:08:42] Fuseki     INFO  [14] 201 Created (674 ms)
[2025-12-22 18:08:42] Fuseki     INFO  [15] Body: Content-Length=38200, Content-Type=application/rdf+xml, Charset=null => RDF/XML : Count=357 Triples=357 Quads=0
[2025-12-22 18:08:42] Fuseki     INFO  [15] 201 Created (702 ms)
[2025-12-22 18:08:42] Fuseki     INFO  [16] Body: Content-Length=26930, Content-Type=application/rdf+xml, Charset=null => RDF/XML : Count=163 Triples=163 Quads=0
[2025-12-22 18:08:42] Fuseki     INFO  [16] 201 Created (715 ms)
[2025-12-22 18:08:42] Fuseki     INFO  [17] Body: Content-Length=43121, Content-Type=text/turtle, Charset=null => Turtle : Count=445 Triples=445 Quads=0
[2025-12-22 18:08:42] Fuseki     INFO  [17] 201 Created (730 ms)
[2025-12-22 18:08:42] Fuseki     INFO  [18] Body: Content-Length=42907, Content-Type=application/rdf+xml, Charset=null => RDF/XML : Count=405 Triples=405 Quads=0
[2025-12-22 18:08:42] Fuseki     INFO  [18] 201 Created (754 ms)
[2025-12-22 18:08:42] Fuseki     INFO  [19] Body: Content-Length=47194, Content-Type=application/rdf+xml, Charset=null => RDF/XML : Count=457 Triples=457 Quads=0
[2025-12-22 18:08:42] Fuseki     INFO  [19] 201 Created (501 ms)
[2025-12-22 18:08:42] Fuseki     INFO  [20] Body: Content-Length=40251, Content-Type=application/rdf+xml, Charset=null => RDF/XML : Count=378 Triples=378 Quads=0
[2025-12-22 18:08:42] Fuseki     INFO  [20] 201 Created (521 ms)
[2025-12-22 18:08:42] Fuseki     INFO  [21] Body: Content-Length=10818, Content-Type=application/rdf+xml, Charset=null => RDF/XML : Count=54 Triples=54 Quads=0
[2025-12-22 18:08:42] Fuseki     INFO  [21] 201 Created (478 ms)
[2025-12-22 18:08:44] Fuseki     INFO  [22] GET http://localhost:3030/MEG_Vocabularies/sparql?query=PREFIX%20%20meg_mission:%20%3Chttp://example.com/project/vocabulary/MEG_Mission%23%3E%0APREFIX%20%20meg_desc_mission:%20%3Chttp://example.com/project/description/MEG_Description_Mission%23%3E%0APREFIX%20%20foundation:%20%3Chttp://uaontologies.com/UA_Foundation/UA_Foundation%23%3E%0A%0ASELECT%20%20?function%20?performer%0AWHERE%0A%20%20%7B%20VALUES%20?thread%20%7B%20meg_desc_mission:scoutHothSurfaces%20%7D%0A%20%20%20%20?thread%20%20%20foundation:contains%20%20%20?function%20.%0A%20%20%20%20?function%20%20a%20%20%20%20%20%20%20%20%20%20%20%20%20%20%20%20%20%20%20%20meg_mission:MissionFunction%20%3B%0A%20%20%20%20%20%20%20%20%20%20%20%20%20%20foundation:specificallyDependentOn%20%20?performer%20.%0A%20%20%20%20?performer%20%20a%20%20%20%20%20%20%20%20%20%20%20%20%20%20%20%20%20%20%20meg_mission:OperationalPerformer%0A%20%20%7D%0AORDER%20BY%20?performer%0A
[2025-12-22 18:08:44] Fuseki     INFO  [22] Query = PREFIX  meg_mission: <http://example.com/project/vocabulary/MEG_Mission#> PREFIX  meg_desc_mission: <http://example.com/project/description/MEG_Description_Mission#> PREFIX  foundation: <http://uaontologies.com/UA_Foundation/UA_Foundation#>  SELECT  ?function ?performer WHERE   { VALUES ?thread { meg_desc_mission:scoutHothSurfaces }     ?thread   foundation:contains   ?function .     ?function  a                    meg_mission:MissionFunction ;               foundation:specificallyDependentOn  ?performer .     ?performer  a                   meg_mission:OperationalPerformer   } ORDER BY ?performer 
[2025-12-22 18:08:44] Fuseki     INFO  [23] GET http://localhost:3030/MEG_Vocabularies/sparql?query=PREFIX%20%20meg_mission:%20%3Chttp://example.com/project/vocabulary/MEG_Mission%23%3E%0APREFIX%20%20event:%20%3Chttp://uaontologies.com/UA_Core/UA_Event%23%3E%0APREFIX%20%20meg_desc_mission:%20%3Chttp://example.com/project/description/MEG_Description_Mission%23%3E%0APREFIX%20%20req:%20%20%3Chttp://uaontologies.com/UA_Domain/UA_Requirements%23%3E%0A%0ASELECT%20%20?task%20?objective%0AWHERE%0A%20%20%7B%20VALUES%20?function%20%7B%20meg_desc_mission:destroyShieldGenerators%20%7D%0A%20%20%20%20?function%20%20event:manifestsIn%20%20?task%20.%0A%20%20%20%20?task%20%20%20%20%20req:satisfies%20%20%20%20%20%20?objective%20.%0A%20%20%20%20?objective%20%20a%20%20%20%20%20%20%20%20%20%20%20%20%20%20%20%20meg_mission:MissionObjective%0A%20%20%7D%0A
[2025-12-22 18:08:44] Fuseki     INFO  [23] Query = PREFIX  meg_mission: <http://example.com/project/vocabulary/MEG_Mission#> PREFIX  event: <http://uaontologies.com/UA_Core/UA_Event#> PREFIX  meg_desc_mission: <http://example.com/project/description/MEG_Description_Mission#> PREFIX  req:  <http://uaontologies.com/UA_Domain/UA_Requirements#>  SELECT  ?task ?objective WHERE   { VALUES ?function { meg_desc_mission:destroyShieldGenerators }     ?function  event:manifestsIn  ?task .     ?task     req:satisfies      ?objective .     ?objective  a                meg_mission:MissionObjective   } 
[2025-12-22 18:08:44] Fuseki     INFO  [25] GET http://localhost:3030/MEG_Vocabularies/sparql?query=PREFIX%20%20meg_mission:%20%3Chttp://example.com/project/vocabulary/MEG_Mission%23%3E%0APREFIX%20%20meg_desc_mission:%20%3Chttp://example.com/project/description/MEG_Description_Mission%23%3E%0APREFIX%20%20req:%20%20%3Chttp://uaontologies.com/UA_Domain/UA_Requirements%23%3E%0APREFIX%20%20info:%20%3Chttp://uaontologies.com/UA_Core/UA_Information%23%3E%0A%0ASELECT%20%20?goal%20?objective%20?task%0AWHERE%0A%20%20%7B%20?goal%20%20%20%20%20a%20%20%20%20%20%20%20%20%20%20%20%20%20%20%20%20%20%20%20%20%20meg_mission:EnterpriseGoal%20%3B%0A%20%20%20%20%20%20%20%20%20%20%20%20%20%20info:prescribes%20%20%20%20%20%20%20meg_desc_mission:attackMission%20%3B%0A%20%20%20%20%20%20%20%20%20%20%20%20%20%20req:derivesRequirement%20%20?objective%20.%0A%20%20%20%20?objective%20%20a%20%20%20%20%20%20%20%20%20%20%20%20%20%20%20%20%20%20%20meg_mission:EnterpriseObjective%20.%0A%20%20%20%20?task%20%20%20%20%20a%20%20%20%20%20%20%20%20%20%20%20%20%20%20%20%20%20%20%20%20%20meg_mission:MissionTask%20%3B%0A%20%20%20%20%20%20%20%20%20%20%20%20%20%20req:satisfies%20%20%20%20%20%20%20%20%20?objective%0A%20%20%7D%0AORDER%20BY%20?goal%20?objective%0A
[2025-12-22 18:08:44] Fuseki     INFO  [25] Query = PREFIX  meg_mission: <http://example.com/project/vocabulary/MEG_Mission#> PREFIX  meg_desc_mission: <http://example.com/project/description/MEG_Description_Mission#> PREFIX  req:  <http://uaontologies.com/UA_Domain/UA_Requirements#> PREFIX  info: <http://uaontologies.com/UA_Core/UA_Information#>  SELECT  ?goal ?objective ?task WHERE   { ?goal     a                     meg_mission:EnterpriseGoal ;               info:prescribes       meg_desc_mission:attackMission ;               req:derivesRequirement  ?objective .     ?objective  a                   meg_mission:EnterpriseObjective .     ?task     a                     meg_mission:MissionTask ;               req:satisfies         ?objective   } ORDER BY ?goal ?objective 
[2025-12-22 18:08:44] Fuseki     INFO  [26] GET http://localhost:3030/MEG_Vocabularies/sparql?query=PREFIX%20%20foundation:%20%3Chttp://uaontologies.com/UA_Foundation/UA_Foundation%23%3E%0APREFIX%20%20meg_mission:%20%3Chttp://example.com/project/vocabulary/MEG_Mission%23%3E%0APREFIX%20%20event:%20%3Chttp://uaontologies.com/UA_Core/UA_Event%23%3E%0APREFIX%20%20meg_desc_mission:%20%3Chttp://example.com/project/description/MEG_Description_Mission%23%3E%0A%0ASELECT%20%20?engineeringThread%20?function%20?task%0AWHERE%0A%20%20%7B%20?engineeringThread%0A%20%20%20%20%20%20%20%20%20%20%20%20%20%20a%20%20%20%20%20%20%20%20%20%20%20%20%20%20%20%20%20%20%20%20meg_mission:MissionEngineeringThread%20%3B%0A%20%20%20%20%20%20%20%20%20%20%20%20%20%20meg_mission:defines%20%20meg_desc_mission:attackExecutionPhase%20%3B%0A%20%20%20%20%20%20%20%20%20%20%20%20%20%20foundation:contains%20%20?function%20.%0A%20%20%20%20?function%20%20a%20%20%20%20%20%20%20%20%20%20%20%20%20%20%20%20%20%20%20meg_mission:MissionFunction%20%3B%0A%20%20%20%20%20%20%20%20%20%20%20%20%20%20event:manifestsIn%20%20%20%20?task%20.%0A%20%20%20%20?task%20%20%20%20%20a%20%20%20%20%20%20%20%20%20%20%20%20%20%20%20%20%20%20%20%20meg_mission:MissionTask%0A%20%20%7D%0AORDER%20BY%20?engineeringThread%20?function%0A
[2025-12-22 18:08:44] Fuseki     INFO  [24] GET http://localhost:3030/MEG_Vocabularies/sparql?query=PREFIX%20%20meg_mission:%20%3Chttp://example.com/project/vocabulary/MEG_Mission%23%3E%0APREFIX%20%20foundation:%20%3Chttp://uaontologies.com/UA_Foundation/UA_Foundation%23%3E%0APREFIX%20%20req:%20%20%3Chttp://uaontologies.com/UA_Domain/UA_Requirements%23%3E%0A%0ASELECT%20%20?task%20?thread%0AWHERE%0A%20%20%7B%20?task%20%20%20%20a%20%20%20%20%20%20%20%20%20%20%20%20%20%20%20%20%20%20%20%20%20meg_mission:MissionTask%20%3B%0A%20%20%20%20%20%20%20%20%20%20%20%20%20foundation:isContainedIn%20%20?thread%20.%0A%20%20%20%20?thread%20%20a%20%20%20%20%20%20%20%20%20%20%20%20%20%20%20%20%20%20%20%20%20meg_mission:MissionThread%0A%20%20%20%20FILTER%20NOT%20EXISTS%20%7B%20?task%20%20req:satisfies%20%20?requirement%0A%20%20%20%20%20%20%20%20%20%20%20%20%20%20%20%20%20%20%20%20%20%20%20%20%20%20%7B%20?requirement%20%20a%20%20meg_mission:MissionGoal%20%7D%0A%20%20%20%20%20%20%20%20%20%20%20%20%20%20%20%20%20%20%20%20%20%20%20%20UNION%0A%20%20%20%20%20%20%20%20%20%20%20%20%20%20%20%20%20%20%20%20%20%20%20%20%20%20%7B%20?requirement%20%20a%20%20meg_mission:MissionObjective%20%7D%0A%20%20%20%20%20%20%20%20%20%20%20%20%20%20%20%20%20%20%20%20%20%20%7D%0A%20%20%7D%0A
[2025-12-22 18:08:44] Fuseki     INFO  [26] Query = PREFIX  foundation: <http://uaontologies.com/UA_Foundation/UA_Foundation#> PREFIX  meg_mission: <http://example.com/project/vocabulary/MEG_Mission#> PREFIX  event: <http://uaontologies.com/UA_Core/UA_Event#> PREFIX  meg_desc_mission: <http://example.com/project/description/MEG_Description_Mission#>  SELECT  ?engineeringThread ?function ?task WHERE   { ?engineeringThread               a                    meg_mission:MissionEngineeringThread ;               meg_mission:defines  meg_desc_mission:attackExecutionPhase ;               foundation:contains  ?function .     ?function  a                   meg_mission:MissionFunction ;               event:manifestsIn    ?task .     ?task     a                    meg_mission:MissionTask   } ORDER BY ?engineeringThread ?function 
[2025-12-22 18:08:44] Fuseki     INFO  [27] POST http://localhost:3030/MEG_Vocabularies/sparql
[2025-12-22 18:08:44] Fuseki     INFO  [27] Query = PREFIX  meg_mission: <http://example.com/project/vocabulary/MEG_Mission#> PREFIX  foundation: <http://uaontologies.com/UA_Foundation/UA_Foundation#>  SELECT  ?element ?elementType ?integrityIssue WHERE   {   { ?element  a  meg_mission:MissionThread         BIND("MissionThread" AS ?elementType)         BIND("Not implemented by any MissionEngineeringThread" AS ?integrityIssue)         FILTER NOT EXISTS { ?engThread  a                   meg_mission:MissionEngineeringThread ;                                       meg_mission:implements  ?element                           }       }     UNION       { ?element  a  meg_mission:MissionTask         BIND("MissionTask" AS ?elementType)         BIND("Not implemented by any MissionFunction" AS ?integrityIssue)         FILTER NOT EXISTS { ?func  a                     meg_mission:MissionFunction ;                                    meg_mission:implements  ?element                           }       }     UNION       { ?element  a  meg_mission:MissionFunction         BIND("MissionFunction" AS ?elementType)         BIND("Does not implement any MissionTask" AS ?integrityIssue)         FILTER NOT EXISTS { ?element  meg_mission:implements  ?task .                             ?task     a                     meg_mission:MissionTask                           }       }   } ORDER BY ?elementType 
[2025-12-22 18:08:44] Fuseki     INFO  [28] GET http://localhost:3030/MEG_Vocabularies/sparql?query=PREFIX%20%20meg_mission:%20%3Chttp://example.com/project/vocabulary/MEG_Mission%23%3E%0APREFIX%20%20foundation:%20%3Chttp://uaontologies.com/UA_Foundation/UA_Foundation%23%3E%0A%0ASELECT%20%20?missionFunction%20?mission%0AWHERE%0A%20%20%7B%20?mission%20%20a%20%20%20%20%20%20%20%20%20%20%20%20%20%20%20%20%20%20%20%20meg_mission:MissionEngineeringThread%20%3B%0A%20%20%20%20%20%20%20%20%20%20%20%20%20%20foundation:contains%20%20?missionFunction%0A%20%20%7D%0A
[2025-12-22 18:08:44] Fuseki     INFO  [28] Query = PREFIX  meg_mission: <http://example.com/project/vocabulary/MEG_Mission#> PREFIX  foundation: <http://uaontologies.com/UA_Foundation/UA_Foundation#>  SELECT  ?missionFunction ?mission WHERE   { ?mission  a                    meg_mission:MissionEngineeringThread ;               foundation:contains  ?missionFunction   } 
[2025-12-22 18:08:44] Fuseki     INFO  [24] Query = PREFIX  meg_mission: <http://example.com/project/vocabulary/MEG_Mission#> PREFIX  foundation: <http://uaontologies.com/UA_Foundation/UA_Foundation#> PREFIX  req:  <http://uaontologies.com/UA_Domain/UA_Requirements#>  SELECT  ?task ?thread WHERE   { ?task    a                     meg_mission:MissionTask ;              foundation:isContainedIn  ?thread .     ?thread  a                     meg_mission:MissionThread     FILTER NOT EXISTS { ?task  req:satisfies  ?requirement                           { ?requirement  a  meg_mission:MissionGoal }                         UNION                           { ?requirement  a  meg_mission:MissionObjective }                       }   } 
[2025-12-22 18:08:44] Fuseki     INFO  [29] GET http://localhost:3030/MEG_Vocabularies/sparql?query=PREFIX%20%20meg_mission:%20%3Chttp://example.com/project/vocabulary/MEG_Mission%23%3E%0APREFIX%20%20foundation:%20%3Chttp://uaontologies.com/UA_Foundation/UA_Foundation%23%3E%0A%0ASELECT%20%20?performer%20?activity%0AWHERE%0A%20%20%7B%20?performer%20%20a%20%20meg_mission:OperationalPerformer%0A%20%20%20%20OPTIONAL%0A%20%20%20%20%20%20%7B%20%20%20%7B%20?performer%20%20?relation%20%20?activity%20.%0A%20%20%20%20%20%20%20%20%20%20%20%20?activity%20%20a%20%20%20%20%20%20%20%20%20meg_mission:OperationalActivity%0A%20%20%20%20%20%20%20%20%20%20%7D%0A%20%20%20%20%20%20%20%20UNION%0A%20%20%20%20%20%20%20%20%20%20%7B%20?activity%20%20?relation%20%20?performer%20%3B%0A%20%20%20%20%20%20%20%20%20%20%20%20%20%20%20%20%20%20%20%20%20%20a%20%20%20%20%20%20%20%20%20%20meg_mission:OperationalActivity%0A%20%20%20%20%20%20%20%20%20%20%7D%0A%20%20%20%20%20%20%7D%0A%20%20%7D%0AORDER%20BY%20?performer%0A
[2025-12-22 18:08:44] Fuseki     INFO  [29] Query = PREFIX  meg_mission: <http://example.com/project/vocabulary/MEG_Mission#> PREFIX  foundation: <http://uaontologies.com/UA_Foundation/UA_Foundation#>  SELECT  ?performer ?activity WHERE   { ?performer  a  meg_mission:OperationalPerformer     OPTIONAL       {   { ?performer  ?relation  ?activity .             ?activity  a         meg_mission:OperationalActivity           }         UNION           { ?activity  ?relation  ?performer ;                       a          meg_mission:OperationalActivity           }       }   } ORDER BY ?performer 
[2025-12-22 18:08:44] Fuseki     INFO  [30] GET http://localhost:3030/MEG_Vocabularies/sparql?query=PREFIX%20%20owl:%20%20%3Chttp://www.w3.org/2002/07/owl%23%3E%0APREFIX%20%20rdf:%20%20%3Chttp://www.w3.org/1999/02/22-rdf-syntax-ns%23%3E%0APREFIX%20%20rdfs:%20%3Chttp://www.w3.org/2000/01/rdf-schema%23%3E%0A%0ASELECT%20DISTINCT%20%20?stakeholder%20?direction%20?relation%20?relatedConcept%20?conceptType%0AWHERE%0A%20%20%7B%20BIND%28%3Chttp://example.com/project/description/MEG_Description_Mission%23legionCommander%3E%20AS%20?stakeholder%29%0A%20%20%20%20%20%20%7B%20?stakeholder%20%20?relation%20%20?relatedConcept%0A%20%20%20%20%20%20%20%20BIND%28%22Outgoing%20%28From%20Stakeholder%29%22%20AS%20?direction%29%0A%20%20%20%20%20%20%7D%0A%20%20%20%20UNION%0A%20%20%20%20%20%20%7B%20?relatedConcept%0A%20%20%20%20%20%20%20%20%20%20%20%20%20%20%20%20%20%20?relation%20%20?stakeholder%0A%20%20%20%20%20%20%20%20BIND%28%22Incoming%20%28To%20Stakeholder%29%22%20AS%20?direction%29%0A%20%20%20%20%20%20%7D%0A%20%20%20%20FILTER%20%28%20?stakeholder%20%21%3D%20?relatedConcept%20%29%0A%20%20%20%20FILTER%20%28%20?relation%20%21%3D%20rdf:type%20%29%0A%20%20%20%20?relatedConcept%0A%20%20%20%20%20%20%20%20%20%20%20%20%20%20rdf:type%20%20?conceptType%0A%20%20%20%20FILTER%20%28%20%28%20?conceptType%20%21%3D%20owl:Thing%20%29%20%26%26%20%28%20?conceptType%20%21%3D%20owl:NamedIndividual%20%29%20%29%0A%20%20%20%20FILTER%20NOT%20EXISTS%20%7B%20?relatedConcept%0A%20%20%20%20%20%20%20%20%20%20%20%20%20%20%20%20%20%20%20%20%20%20%20%20%20%20%20%20%20%20%20%20%20%20rdf:type%20%20?subType%20.%0A%20%20%20%20%20%20%20%20%20%20%20%20%20%20%20%20%20%20%20%20%20%20%20%20?subType%20%28rdfs:subClassOf%29%2B%20?conceptType%0A%20%20%20%20%20%20%20%20%20%20%20%20%20%20%20%20%20%20%20%20%20%20%20%20FILTER%20%28%20?subType%20%21%3D%20?conceptType%20%29%0A%20%20%20%20%20%20%20%20%20%20%20%20%20%20%20%20%20%20%20%20%20%20%7D%0A%20%20%7D%0A
[2025-12-22 18:08:44] Fuseki     INFO  [30] Query = PREFIX  owl:  <http://www.w3.org/2002/07/owl#> PREFIX  rdf:  <http://www.w3.org/1999/02/22-rdf-syntax-ns#> PREFIX  rdfs: <http://www.w3.org/2000/01/rdf-schema#>  SELECT DISTINCT  ?stakeholder ?direction ?relation ?relatedConcept ?conceptType WHERE   { BIND(<http://example.com/project/description/MEG_Description_Mission#legionCommander> AS ?stakeholder)       { ?stakeholder  ?relation  ?relatedConcept         BIND("Outgoing (From Stakeholder)" AS ?direction)       }     UNION       { ?relatedConcept                   ?relation  ?stakeholder         BIND("Incoming (To Stakeholder)" AS ?direction)       }     FILTER ( ?stakeholder != ?relatedConcept )     FILTER ( ?relation != rdf:type )     ?relatedConcept               rdf:type  ?conceptType     FILTER ( ( ?conceptType != owl:Thing ) && ( ?conceptType != owl:NamedIndividual ) )     FILTER NOT EXISTS { ?relatedConcept                                   rdf:type  ?subType .                         ?subType (rdfs:subClassOf)+ ?conceptType                         FILTER ( ?subType != ?conceptType )                       }   } 
[2025-12-22 18:08:45] Fuseki     INFO  [28] Query Cancelled - results truncated (but 200 may have already been sent)
[2025-12-22 18:08:45] Fuseki     INFO  [24] Query Cancelled - results truncated (but 200 may have already been sent)
[2025-12-22 18:08:45] Fuseki     INFO  [28] 400 Bad Request (1.416 s)
[2025-12-22 18:08:45] Fuseki     INFO  [24] 400 Bad Request (1.422 s)
[2025-12-22 18:08:45] Fuseki     INFO  [23] 200 OK (1.425 s)
[2025-12-22 18:08:45] Fuseki     INFO  [22] 200 OK (1.430 s)
[2025-12-22 18:08:45] Fuseki     INFO  [26] 200 OK (1.425 s)
[2025-12-22 18:08:45] Fuseki     INFO  [27] Query Cancelled - results truncated (but 200 may have already been sent)
[2025-12-22 18:08:45] Fuseki     INFO  [25] Query Cancelled - results truncated (but 200 may have already been sent)
[2025-12-22 18:08:45] Fuseki     INFO  [25] 400 Bad Request (1.434 s)
[2025-12-22 18:08:45] Fuseki     INFO  [27] 400 Bad Request (1.432 s)
[2025-12-22 18:08:45] Fuseki     INFO  [29] Query Cancelled - results truncated (but 200 may have already been sent)
[2025-12-22 18:08:45] Fuseki     INFO  [29] 400 Bad Request (1.391 s)
[2025-12-22 18:08:45] Fuseki     INFO  [30] 200 OK (1.438 s)
[2025-12-22 18:09:35] Fuseki     INFO  [31] GET http://localhost:3030/MEG_Vocabularies/sparql?query=select%20?g%20%7B%20graph%20?g%20%7B%20?o%20a%20%3Chttp://www.w3.org/2002/07/owl%23Ontology%3E%20%7D%20%7D
[2025-12-22 18:09:35] Fuseki     INFO  [31] Query = select ?g { graph ?g { ?o a <http://www.w3.org/2002/07/owl#Ontology> } }
[2025-12-22 18:09:35] Fuseki     INFO  [31] 200 OK (4 ms)
[2025-12-22 18:09:35] Fuseki     INFO  [32] PUT http://localhost:3030/MEG_Vocabularies?graph=http://example.com/project/description/bundle/individuals
[2025-12-22 18:09:35] Fuseki     INFO  [33] PUT http://localhost:3030/MEG_Vocabularies?graph=http://example.com/project/description/bundle/classes
[2025-12-22 18:09:35] Fuseki     INFO  [34] PUT http://localhost:3030/MEG_Vocabularies?graph=http://purl.org/dc/elements/1.1
[2025-12-22 18:09:36] Fuseki     INFO  [35] PUT http://localhost:3030/MEG_Vocabularies?graph=http://example.com/project/description/bundle/properties
[2025-12-22 18:09:36] Fuseki     INFO  [36] PUT http://localhost:3030/MEG_Vocabularies?graph=http://uaontologies.com/UA_Core/UA_Ownership
[2025-12-22 18:09:36] Fuseki     INFO  [37] PUT http://localhost:3030/MEG_Vocabularies?graph=http://example.com/project/description/MEG_Description_Mission
[2025-12-22 18:09:36] Fuseki     INFO  [38] PUT http://localhost:3030/MEG_Vocabularies?graph=http://uaontologies.com/UA_Core/UA_Provenance
[2025-12-22 18:09:36] Fuseki     INFO  [39] PUT http://localhost:3030/MEG_Vocabularies?graph=http://example.com/project/description/bundle
[2025-12-22 18:09:36] Fuseki     INFO  [41] PUT http://localhost:3030/MEG_Vocabularies?graph=http://uaontologies.com/UA_Domain/UA_SystemArchitecture
[2025-12-22 18:09:36] Fuseki     INFO  [40] PUT http://localhost:3030/MEG_Vocabularies?graph=http://example.com/project/vocabulary/MEG_Mission
[2025-12-22 18:09:36] Fuseki     INFO  [43] PUT http://localhost:3030/MEG_Vocabularies?graph=http://example.com/project/vocabulary/bundle
[2025-12-22 18:09:36] Fuseki     INFO  [42] PUT http://localhost:3030/MEG_Vocabularies?graph=http://uaontologies.com/UA_Core/UA_Event
[2025-12-22 18:09:36] Fuseki     INFO  [44] PUT http://localhost:3030/MEG_Vocabularies?graph=http://uaontologies.com/UA_Core/UA_Information
[2025-12-22 18:09:36] Fuseki     INFO  [45] PUT http://localhost:3030/MEG_Vocabularies?graph=http://uaontologies.com/UA_Foundation/UA_Foundation
[2025-12-22 18:09:36] Fuseki     INFO  [47] PUT http://localhost:3030/MEG_Vocabularies?graph=http://uaontologies.com/UA_Core/UA_Agent
[2025-12-22 18:09:36] Fuseki     INFO  [46] PUT http://localhost:3030/MEG_Vocabularies?graph=http://uaontologies.com/UA_Core/UA_Measurement
[2025-12-22 18:09:36] Fuseki     INFO  [32] Body: Content-Length=230110, Content-Type=text/turtle, Charset=null => Turtle : Count=2565 Triples=2565 Quads=0
[2025-12-22 18:09:36] Fuseki     INFO  [32] 200 OK (220 ms)
[2025-12-22 18:09:36] Fuseki     INFO  [48] PUT http://localhost:3030/MEG_Vocabularies?graph=http://uaontologies.com/UA_Domain/UA_Requirements
[2025-12-22 18:09:36] Fuseki     INFO  [33] Body: Content-Length=76535, Content-Type=text/turtle, Charset=null => Turtle : Count=942 Triples=942 Quads=0
[2025-12-22 18:09:36] Fuseki     INFO  [33] 200 OK (238 ms)
[2025-12-22 18:09:36] Fuseki     INFO  [49] PUT http://localhost:3030/MEG_Vocabularies?graph=http://uaontologies.com/UA_Foundation/bundle
[2025-12-22 18:09:36] Fuseki     INFO  [34] Body: Content-Length=4083, Content-Type=application/rdf+xml, Charset=null => RDF/XML : Count=27 Triples=27 Quads=0
[2025-12-22 18:09:36] Fuseki     INFO  [34] 200 OK (248 ms)
[2025-12-22 18:09:36] Fuseki     INFO  [50] PUT http://localhost:3030/MEG_Vocabularies?graph=http://uaontologies.com/UA_Core/UA_Location
[2025-12-22 18:09:36] Fuseki     INFO  [35] Body: Content-Length=43121, Content-Type=text/turtle, Charset=null => Turtle : Count=445 Triples=445 Quads=0
[2025-12-22 18:09:36] Fuseki     INFO  [35] 200 OK (266 ms)
[2025-12-22 18:09:36] Fuseki     INFO  [51] PUT http://localhost:3030/MEG_Vocabularies?graph=http://uaontologies.com/UA_Core/bundle
[2025-12-22 18:09:36] Fuseki     INFO  [36] Body: Content-Length=7924, Content-Type=application/rdf+xml, Charset=null => RDF/XML : Count=66 Triples=66 Quads=0
[2025-12-22 18:09:36] Fuseki     INFO  [36] 200 OK (281 ms)
[2025-12-22 18:09:36] Fuseki     INFO  [37] Body: Content-Length=93446, Content-Type=application/rdf+xml, Charset=null => RDF/XML : Count=645 Triples=645 Quads=0
[2025-12-22 18:09:36] Fuseki     INFO  [37] 200 OK (311 ms)
[2025-12-22 18:09:36] Fuseki     INFO  [38] Body: Content-Length=18934, Content-Type=application/rdf+xml, Charset=null => RDF/XML : Count=166 Triples=166 Quads=0
[2025-12-22 18:09:36] Fuseki     INFO  [38] 200 OK (310 ms)
[2025-12-22 18:09:36] Fuseki     INFO  [39] Body: Content-Length=1184, Content-Type=application/rdf+xml, Charset=null => RDF/XML : Count=6 Triples=6 Quads=0
[2025-12-22 18:09:36] Fuseki     INFO  [39] 200 OK (315 ms)
[2025-12-22 18:09:36] Fuseki     INFO  [41] Body: Content-Length=40251, Content-Type=application/rdf+xml, Charset=null => RDF/XML : Count=378 Triples=378 Quads=0
[2025-12-22 18:09:36] Fuseki     INFO  [41] 200 OK (336 ms)
[2025-12-22 18:09:36] Fuseki     INFO  [40] Body: Content-Length=42907, Content-Type=application/rdf+xml, Charset=null => RDF/XML : Count=405 Triples=405 Quads=0
[2025-12-22 18:09:36] Fuseki     INFO  [40] 200 OK (361 ms)
[2025-12-22 18:09:36] Fuseki     INFO  [43] Body: Content-Length=49793, Content-Type=application/rdf+xml, Charset=null => RDF/XML : Count=325 Triples=325 Quads=0
[2025-12-22 18:09:36] Fuseki     INFO  [43] 200 OK (380 ms)
[2025-12-22 18:09:36] Fuseki     INFO  [42] Body: Content-Length=29299, Content-Type=application/rdf+xml, Charset=null => RDF/XML : Count=273 Triples=273 Quads=0
[2025-12-22 18:09:36] Fuseki     INFO  [42] 200 OK (397 ms)
[2025-12-22 18:09:36] Fuseki     INFO  [44] Body: Content-Length=38200, Content-Type=application/rdf+xml, Charset=null => RDF/XML : Count=357 Triples=357 Quads=0
[2025-12-22 18:09:36] Fuseki     INFO  [44] 200 OK (424 ms)
[2025-12-22 18:09:36] Fuseki     INFO  [45] Body: Content-Length=45327, Content-Type=application/rdf+xml, Charset=null => RDF/XML : Count=418 Triples=418 Quads=0
[2025-12-22 18:09:36] Fuseki     INFO  [45] 200 OK (452 ms)
[2025-12-22 18:09:36] Fuseki     INFO  [46] Body: Content-Length=32232, Content-Type=application/rdf+xml, Charset=null => RDF/XML : Count=303 Triples=303 Quads=0
[2025-12-22 18:09:36] Fuseki     INFO  [46] 200 OK (475 ms)
[2025-12-22 18:09:36] Fuseki     INFO  [47] Body: Content-Length=47194, Content-Type=application/rdf+xml, Charset=null => RDF/XML : Count=457 Triples=457 Quads=0
[2025-12-22 18:09:36] Fuseki     INFO  [47] 200 OK (508 ms)
[2025-12-22 18:09:36] Fuseki     INFO  [48] Body: Content-Length=49344, Content-Type=application/rdf+xml, Charset=null => RDF/XML : Count=459 Triples=459 Quads=0
[2025-12-22 18:09:36] Fuseki     INFO  [48] 200 OK (361 ms)
[2025-12-22 18:09:36] Fuseki     INFO  [49] Body: Content-Length=10818, Content-Type=application/rdf+xml, Charset=null => RDF/XML : Count=54 Triples=54 Quads=0
[2025-12-22 18:09:36] Fuseki     INFO  [49] 200 OK (343 ms)
[2025-12-22 18:09:36] Fuseki     INFO  [50] Body: Content-Length=7943, Content-Type=application/rdf+xml, Charset=null => RDF/XML : Count=65 Triples=65 Quads=0
[2025-12-22 18:09:36] Fuseki     INFO  [50] 200 OK (345 ms)
[2025-12-22 18:09:36] Fuseki     INFO  [51] Body: Content-Length=26930, Content-Type=application/rdf+xml, Charset=null => RDF/XML : Count=163 Triples=163 Quads=0
[2025-12-22 18:09:36] Fuseki     INFO  [51] 200 OK (333 ms)
[2025-12-22 18:09:36] Fuseki     INFO  [52] GET http://localhost:3030/MEG_Vocabularies/sparql?query=PREFIX%20%20meg_mission:%20%3Chttp://example.com/project/vocabulary/MEG_Mission%23%3E%0APREFIX%20%20foundation:%20%3Chttp://uaontologies.com/UA_Foundation/UA_Foundation%23%3E%0A%0ASELECT%20%20?missionFunction%20?mission%0AWHERE%0A%20%20%7B%20?mission%20%20a%20%20%20%20%20%20%20%20%20%20%20%20%20%20%20%20%20%20%20%20meg_mission:MissionEngineeringThread%20%3B%0A%20%20%20%20%20%20%20%20%20%20%20%20%20%20foundation:contains%20%20?missionFunction%0A%20%20%7D%0A
[2025-12-22 18:09:36] Fuseki     INFO  [52] Query = PREFIX  meg_mission: <http://example.com/project/vocabulary/MEG_Mission#> PREFIX  foundation: <http://uaontologies.com/UA_Foundation/UA_Foundation#>  SELECT  ?missionFunction ?mission WHERE   { ?mission  a                    meg_mission:MissionEngineeringThread ;               foundation:contains  ?missionFunction   } 
[2025-12-22 18:09:36] Fuseki     INFO  [52] 200 OK (5 ms)
[2025-12-22 18:09:36] Fuseki     INFO  [53] GET http://localhost:3030/MEG_Vocabularies/sparql?query=PREFIX%20%20meg_mission:%20%3Chttp://example.com/project/vocabulary/MEG_Mission%23%3E%0APREFIX%20%20meg_desc_mission:%20%3Chttp://example.com/project/description/MEG_Description_Mission%23%3E%0APREFIX%20%20foundation:%20%3Chttp://uaontologies.com/UA_Foundation/UA_Foundation%23%3E%0A%0ASELECT%20%20?function%20?performer%0AWHERE%0A%20%20%7B%20VALUES%20?thread%20%7B%20meg_desc_mission:scoutHothSurfaces%20%7D%0A%20%20%20%20?thread%20%20%20foundation:contains%20%20%20?function%20.%0A%20%20%20%20?function%20%20a%20%20%20%20%20%20%20%20%20%20%20%20%20%20%20%20%20%20%20%20meg_mission:MissionFunction%20%3B%0A%20%20%20%20%20%20%20%20%20%20%20%20%20%20foundation:specificallyDependentOn%20%20?performer%20.%0A%20%20%20%20?performer%20%20a%20%20%20%20%20%20%20%20%20%20%20%20%20%20%20%20%20%20%20meg_mission:OperationalPerformer%0A%20%20%7D%0AORDER%20BY%20?performer%0A
[2025-12-22 18:09:36] Fuseki     INFO  [53] Query = PREFIX  meg_mission: <http://example.com/project/vocabulary/MEG_Mission#> PREFIX  meg_desc_mission: <http://example.com/project/description/MEG_Description_Mission#> PREFIX  foundation: <http://uaontologies.com/UA_Foundation/UA_Foundation#>  SELECT  ?function ?performer WHERE   { VALUES ?thread { meg_desc_mission:scoutHothSurfaces }     ?thread   foundation:contains   ?function .     ?function  a                    meg_mission:MissionFunction ;               foundation:specificallyDependentOn  ?performer .     ?performer  a                   meg_mission:OperationalPerformer   } ORDER BY ?performer 
[2025-12-22 18:09:36] Fuseki     INFO  [54] GET http://localhost:3030/MEG_Vocabularies/sparql?query=PREFIX%20%20foundation:%20%3Chttp://uaontologies.com/UA_Foundation/UA_Foundation%23%3E%0APREFIX%20%20meg_mission:%20%3Chttp://example.com/project/vocabulary/MEG_Mission%23%3E%0APREFIX%20%20event:%20%3Chttp://uaontologies.com/UA_Core/UA_Event%23%3E%0APREFIX%20%20meg_desc_mission:%20%3Chttp://example.com/project/description/MEG_Description_Mission%23%3E%0A%0ASELECT%20%20?engineeringThread%20?function%20?task%0AWHERE%0A%20%20%7B%20?engineeringThread%0A%20%20%20%20%20%20%20%20%20%20%20%20%20%20a%20%20%20%20%20%20%20%20%20%20%20%20%20%20%20%20%20%20%20%20meg_mission:MissionEngineeringThread%20%3B%0A%20%20%20%20%20%20%20%20%20%20%20%20%20%20meg_mission:defines%20%20meg_desc_mission:attackExecutionPhase%20%3B%0A%20%20%20%20%20%20%20%20%20%20%20%20%20%20foundation:contains%20%20?function%20.%0A%20%20%20%20?function%20%20a%20%20%20%20%20%20%20%20%20%20%20%20%20%20%20%20%20%20%20meg_mission:MissionFunction%20%3B%0A%20%20%20%20%20%20%20%20%20%20%20%20%20%20event:manifestsIn%20%20%20%20?task%20.%0A%20%20%20%20?task%20%20%20%20%20a%20%20%20%20%20%20%20%20%20%20%20%20%20%20%20%20%20%20%20%20meg_mission:MissionTask%0A%20%20%7D%0AORDER%20BY%20?engineeringThread%20?function%0A
[2025-12-22 18:09:36] Fuseki     INFO  [54] Query = PREFIX  foundation: <http://uaontologies.com/UA_Foundation/UA_Foundation#> PREFIX  meg_mission: <http://example.com/project/vocabulary/MEG_Mission#> PREFIX  event: <http://uaontologies.com/UA_Core/UA_Event#> PREFIX  meg_desc_mission: <http://example.com/project/description/MEG_Description_Mission#>  SELECT  ?engineeringThread ?function ?task WHERE   { ?engineeringThread               a                    meg_mission:MissionEngineeringThread ;               meg_mission:defines  meg_desc_mission:attackExecutionPhase ;               foundation:contains  ?function .     ?function  a                   meg_mission:MissionFunction ;               event:manifestsIn    ?task .     ?task     a                    meg_mission:MissionTask   } ORDER BY ?engineeringThread ?function 
[2025-12-22 18:09:36] Fuseki     INFO  [53] 200 OK (4 ms)
[2025-12-22 18:09:36] Fuseki     INFO  [54] 200 OK (7 ms)
[2025-12-22 18:09:36] Fuseki     INFO  [55] GET http://localhost:3030/MEG_Vocabularies/sparql?query=PREFIX%20%20meg_mission:%20%3Chttp://example.com/project/vocabulary/MEG_Mission%23%3E%0APREFIX%20%20event:%20%3Chttp://uaontologies.com/UA_Core/UA_Event%23%3E%0APREFIX%20%20meg_desc_mission:%20%3Chttp://example.com/project/description/MEG_Description_Mission%23%3E%0APREFIX%20%20req:%20%20%3Chttp://uaontologies.com/UA_Domain/UA_Requirements%23%3E%0A%0ASELECT%20%20?task%20?objective%0AWHERE%0A%20%20%7B%20VALUES%20?function%20%7B%20meg_desc_mission:destroyShieldGenerators%20%7D%0A%20%20%20%20?function%20%20event:manifestsIn%20%20?task%20.%0A%20%20%20%20?task%20%20%20%20%20req:satisfies%20%20%20%20%20%20?objective%20.%0A%20%20%20%20?objective%20%20a%20%20%20%20%20%20%20%20%20%20%20%20%20%20%20%20meg_mission:MissionObjective%0A%20%20%7D%0A
[2025-12-22 18:09:36] Fuseki     INFO  [55] Query = PREFIX  meg_mission: <http://example.com/project/vocabulary/MEG_Mission#> PREFIX  event: <http://uaontologies.com/UA_Core/UA_Event#> PREFIX  meg_desc_mission: <http://example.com/project/description/MEG_Description_Mission#> PREFIX  req:  <http://uaontologies.com/UA_Domain/UA_Requirements#>  SELECT  ?task ?objective WHERE   { VALUES ?function { meg_desc_mission:destroyShieldGenerators }     ?function  event:manifestsIn  ?task .     ?task     req:satisfies      ?objective .     ?objective  a                meg_mission:MissionObjective   } 
[2025-12-22 18:09:36] Fuseki     INFO  [55] 200 OK (3 ms)
[2025-12-22 18:09:36] Fuseki     INFO  [56] GET http://localhost:3030/MEG_Vocabularies/sparql?query=PREFIX%20%20meg_mission:%20%3Chttp://example.com/project/vocabulary/MEG_Mission%23%3E%0APREFIX%20%20meg_desc_mission:%20%3Chttp://example.com/project/description/MEG_Description_Mission%23%3E%0APREFIX%20%20req:%20%20%3Chttp://uaontologies.com/UA_Domain/UA_Requirements%23%3E%0APREFIX%20%20info:%20%3Chttp://uaontologies.com/UA_Core/UA_Information%23%3E%0A%0ASELECT%20%20?goal%20?objective%20?task%0AWHERE%0A%20%20%7B%20?goal%20%20%20%20%20a%20%20%20%20%20%20%20%20%20%20%20%20%20%20%20%20%20%20%20%20%20meg_mission:EnterpriseGoal%20%3B%0A%20%20%20%20%20%20%20%20%20%20%20%20%20%20info:prescribes%20%20%20%20%20%20%20meg_desc_mission:attackMission%20%3B%0A%20%20%20%20%20%20%20%20%20%20%20%20%20%20req:derivesRequirement%20%20?objective%20.%0A%20%20%20%20?objective%20%20a%20%20%20%20%20%20%20%20%20%20%20%20%20%20%20%20%20%20%20meg_mission:EnterpriseObjective%20.%0A%20%20%20%20?task%20%20%20%20%20a%20%20%20%20%20%20%20%20%20%20%20%20%20%20%20%20%20%20%20%20%20meg_mission:MissionTask%20%3B%0A%20%20%20%20%20%20%20%20%20%20%20%20%20%20req:satisfies%20%20%20%20%20%20%20%20%20?objective%0A%20%20%7D%0AORDER%20BY%20?goal%20?objective%0A
[2025-12-22 18:09:36] Fuseki     INFO  [56] Query = PREFIX  meg_mission: <http://example.com/project/vocabulary/MEG_Mission#> PREFIX  meg_desc_mission: <http://example.com/project/description/MEG_Description_Mission#> PREFIX  req:  <http://uaontologies.com/UA_Domain/UA_Requirements#> PREFIX  info: <http://uaontologies.com/UA_Core/UA_Information#>  SELECT  ?goal ?objective ?task WHERE   { ?goal     a                     meg_mission:EnterpriseGoal ;               info:prescribes       meg_desc_mission:attackMission ;               req:derivesRequirement  ?objective .     ?objective  a                   meg_mission:EnterpriseObjective .     ?task     a                     meg_mission:MissionTask ;               req:satisfies         ?objective   } ORDER BY ?goal ?objective 
[2025-12-22 18:09:36] Fuseki     INFO  [56] 200 OK (6 ms)
[2025-12-22 18:09:36] Fuseki     INFO  [57] GET http://localhost:3030/MEG_Vocabularies/sparql?query=PREFIX%20%20meg_mission:%20%3Chttp://example.com/project/vocabulary/MEG_Mission%23%3E%0APREFIX%20%20foundation:%20%3Chttp://uaontologies.com/UA_Foundation/UA_Foundation%23%3E%0A%0ASELECT%20%20?performer%20?activity%0AWHERE%0A%20%20%7B%20?performer%20%20a%20%20meg_mission:OperationalPerformer%0A%20%20%20%20OPTIONAL%0A%20%20%20%20%20%20%7B%20%20%20%7B%20?performer%20%20?relation%20%20?activity%20.%0A%20%20%20%20%20%20%20%20%20%20%20%20?activity%20%20a%20%20%20%20%20%20%20%20%20meg_mission:OperationalActivity%0A%20%20%20%20%20%20%20%20%20%20%7D%0A%20%20%20%20%20%20%20%20UNION%0A%20%20%20%20%20%20%20%20%20%20%7B%20?activity%20%20?relation%20%20?performer%20%3B%0A%20%20%20%20%20%20%20%20%20%20%20%20%20%20%20%20%20%20%20%20%20%20a%20%20%20%20%20%20%20%20%20%20meg_mission:OperationalActivity%0A%20%20%20%20%20%20%20%20%20%20%7D%0A%20%20%20%20%20%20%7D%0A%20%20%7D%0AORDER%20BY%20?performer%0A
[2025-12-22 18:09:36] Fuseki     INFO  [57] Query = PREFIX  meg_mission: <http://example.com/project/vocabulary/MEG_Mission#> PREFIX  foundation: <http://uaontologies.com/UA_Foundation/UA_Foundation#>  SELECT  ?performer ?activity WHERE   { ?performer  a  meg_mission:OperationalPerformer     OPTIONAL       {   { ?performer  ?relation  ?activity .             ?activity  a         meg_mission:OperationalActivity           }         UNION           { ?activity  ?relation  ?performer ;                       a          meg_mission:OperationalActivity           }       }   } ORDER BY ?performer 
[2025-12-22 18:09:36] Fuseki     INFO  [58] GET http://localhost:3030/MEG_Vocabularies/sparql?query=PREFIX%20%20meg_mission:%20%3Chttp://example.com/project/vocabulary/MEG_Mission%23%3E%0APREFIX%20%20foundation:%20%3Chttp://uaontologies.com/UA_Foundation/UA_Foundation%23%3E%0APREFIX%20%20req:%20%20%3Chttp://uaontologies.com/UA_Domain/UA_Requirements%23%3E%0A%0ASELECT%20%20?task%20?thread%0AWHERE%0A%20%20%7B%20?task%20%20%20%20a%20%20%20%20%20%20%20%20%20%20%20%20%20%20%20%20%20%20%20%20%20meg_mission:MissionTask%20%3B%0A%20%20%20%20%20%20%20%20%20%20%20%20%20foundation:isContainedIn%20%20?thread%20.%0A%20%20%20%20?thread%20%20a%20%20%20%20%20%20%20%20%20%20%20%20%20%20%20%20%20%20%20%20%20meg_mission:MissionThread%0A%20%20%20%20FILTER%20NOT%20EXISTS%20%7B%20?task%20%20req:satisfies%20%20?requirement%0A%20%20%20%20%20%20%20%20%20%20%20%20%20%20%20%20%20%20%20%20%20%20%20%20%20%20%7B%20?requirement%20%20a%20%20meg_mission:MissionGoal%20%7D%0A%20%20%20%20%20%20%20%20%20%20%20%20%20%20%20%20%20%20%20%20%20%20%20%20UNION%0A%20%20%20%20%20%20%20%20%20%20%20%20%20%20%20%20%20%20%20%20%20%20%20%20%20%20%7B%20?requirement%20%20a%20%20meg_mission:MissionObjective%20%7D%0A%20%20%20%20%20%20%20%20%20%20%20%20%20%20%20%20%20%20%20%20%20%20%7D%0A%20%20%7D%0A
[2025-12-22 18:09:36] Fuseki     INFO  [58] Query = PREFIX  meg_mission: <http://example.com/project/vocabulary/MEG_Mission#> PREFIX  foundation: <http://uaontologies.com/UA_Foundation/UA_Foundation#> PREFIX  req:  <http://uaontologies.com/UA_Domain/UA_Requirements#>  SELECT  ?task ?thread WHERE   { ?task    a                     meg_mission:MissionTask ;              foundation:isContainedIn  ?thread .     ?thread  a                     meg_mission:MissionThread     FILTER NOT EXISTS { ?task  req:satisfies  ?requirement                           { ?requirement  a  meg_mission:MissionGoal }                         UNION                           { ?requirement  a  meg_mission:MissionObjective }                       }   } 
[2025-12-22 18:09:36] Fuseki     INFO  [58] 200 OK (9 ms)
[2025-12-22 18:09:36] Fuseki     INFO  [59] POST http://localhost:3030/MEG_Vocabularies/sparql
[2025-12-22 18:09:36] Fuseki     INFO  [59] Query = PREFIX  meg_mission: <http://example.com/project/vocabulary/MEG_Mission#> PREFIX  foundation: <http://uaontologies.com/UA_Foundation/UA_Foundation#>  SELECT  ?element ?elementType ?integrityIssue WHERE   {   { ?element  a  meg_mission:MissionThread         BIND("MissionThread" AS ?elementType)         BIND("Not implemented by any MissionEngineeringThread" AS ?integrityIssue)         FILTER NOT EXISTS { ?engThread  a                   meg_mission:MissionEngineeringThread ;                                       meg_mission:implements  ?element                           }       }     UNION       { ?element  a  meg_mission:MissionTask         BIND("MissionTask" AS ?elementType)         BIND("Not implemented by any MissionFunction" AS ?integrityIssue)         FILTER NOT EXISTS { ?func  a                     meg_mission:MissionFunction ;                                    meg_mission:implements  ?element                           }       }     UNION       { ?element  a  meg_mission:MissionFunction         BIND("MissionFunction" AS ?elementType)         BIND("Does not implement any MissionTask" AS ?integrityIssue)         FILTER NOT EXISTS { ?element  meg_mission:implements  ?task .                             ?task     a                     meg_mission:MissionTask                           }       }   } ORDER BY ?elementType 
[2025-12-22 18:09:36] Fuseki     INFO  [57] 200 OK (25 ms)
[2025-12-22 18:09:36] Fuseki     INFO  [60] GET http://localhost:3030/MEG_Vocabularies/sparql?query=PREFIX%20%20owl:%20%20%3Chttp://www.w3.org/2002/07/owl%23%3E%0APREFIX%20%20rdf:%20%20%3Chttp://www.w3.org/1999/02/22-rdf-syntax-ns%23%3E%0APREFIX%20%20rdfs:%20%3Chttp://www.w3.org/2000/01/rdf-schema%23%3E%0A%0ASELECT%20DISTINCT%20%20?stakeholder%20?direction%20?relation%20?relatedConcept%20?conceptType%0AWHERE%0A%20%20%7B%20BIND%28%3Chttp://example.com/project/description/MEG_Description_Mission%23legionCommander%3E%20AS%20?stakeholder%29%0A%20%20%20%20%20%20%7B%20?stakeholder%20%20?relation%20%20?relatedConcept%0A%20%20%20%20%20%20%20%20BIND%28%22Outgoing%20%28From%20Stakeholder%29%22%20AS%20?direction%29%0A%20%20%20%20%20%20%7D%0A%20%20%20%20UNION%0A%20%20%20%20%20%20%7B%20?relatedConcept%0A%20%20%20%20%20%20%20%20%20%20%20%20%20%20%20%20%20%20?relation%20%20?stakeholder%0A%20%20%20%20%20%20%20%20BIND%28%22Incoming%20%28To%20Stakeholder%29%22%20AS%20?direction%29%0A%20%20%20%20%20%20%7D%0A%20%20%20%20FILTER%20%28%20?stakeholder%20%21%3D%20?relatedConcept%20%29%0A%20%20%20%20FILTER%20%28%20?relation%20%21%3D%20rdf:type%20%29%0A%20%20%20%20?relatedConcept%0A%20%20%20%20%20%20%20%20%20%20%20%20%20%20rdf:type%20%20?conceptType%0A%20%20%20%20FILTER%20%28%20%28%20?conceptType%20%21%3D%20owl:Thing%20%29%20%26%26%20%28%20?conceptType%20%21%3D%20owl:NamedIndividual%20%29%20%29%0A%20%20%20%20FILTER%20NOT%20EXISTS%20%7B%20?relatedConcept%0A%20%20%20%20%20%20%20%20%20%20%20%20%20%20%20%20%20%20%20%20%20%20%20%20%20%20%20%20%20%20%20%20%20%20rdf:type%20%20?subType%20.%0A%20%20%20%20%20%20%20%20%20%20%20%20%20%20%20%20%20%20%20%20%20%20%20%20?subType%20%28rdfs:subClassOf%29%2B%20?conceptType%0A%20%20%20%20%20%20%20%20%20%20%20%20%20%20%20%20%20%20%20%20%20%20%20%20FILTER%20%28%20?subType%20%21%3D%20?conceptType%20%29%0A%20%20%20%20%20%20%20%20%20%20%20%20%20%20%20%20%20%20%20%20%20%20%7D%0A%20%20%7D%0A
[2025-12-22 18:09:36] Fuseki     INFO  [60] Query = PREFIX  owl:  <http://www.w3.org/2002/07/owl#> PREFIX  rdf:  <http://www.w3.org/1999/02/22-rdf-syntax-ns#> PREFIX  rdfs: <http://www.w3.org/2000/01/rdf-schema#>  SELECT DISTINCT  ?stakeholder ?direction ?relation ?relatedConcept ?conceptType WHERE   { BIND(<http://example.com/project/description/MEG_Description_Mission#legionCommander> AS ?stakeholder)       { ?stakeholder  ?relation  ?relatedConcept         BIND("Outgoing (From Stakeholder)" AS ?direction)       }     UNION       { ?relatedConcept                   ?relation  ?stakeholder         BIND("Incoming (To Stakeholder)" AS ?direction)       }     FILTER ( ?stakeholder != ?relatedConcept )     FILTER ( ?relation != rdf:type )     ?relatedConcept               rdf:type  ?conceptType     FILTER ( ( ?conceptType != owl:Thing ) && ( ?conceptType != owl:NamedIndividual ) )     FILTER NOT EXISTS { ?relatedConcept                                   rdf:type  ?subType .                         ?subType (rdfs:subClassOf)+ ?conceptType                         FILTER ( ?subType != ?conceptType )                       }   } 
[2025-12-22 18:09:36] Fuseki     INFO  [59] 200 OK (13 ms)
[2025-12-22 18:09:36] Fuseki     INFO  [60] 200 OK (37 ms)
